{"D:\\Designs\\FWD\\image-processing\\frontend\\src\\App.tsx": {"path":"D:\\Designs\\FWD\\image-processing\\frontend\\src\\App.tsx","statementMap":{"0":{"start":{"line":27,"column":8},"end":{"line":27,"column":21}},"1":{"start":{"line":28,"column":8},"end":{"line":28,"column":45}},"2":{"start":{"line":30,"column":8},"end":{"line":33,"column":10}},"3":{"start":{"line":37,"column":21},"end":{"line":37,"column":49}},"4":{"start":{"line":38,"column":18},"end":{"line":38,"column":40}},"5":{"start":{"line":40,"column":8},"end":{"line":45,"column":9}},"6":{"start":{"line":41,"column":12},"end":{"line":44,"column":15}},"7":{"start":{"line":47,"column":8},"end":{"line":47,"column":43}},"8":{"start":{"line":51,"column":8},"end":{"line":51,"column":47}},"9":{"start":{"line":55,"column":8},"end":{"line":55,"column":29}},"10":{"start":{"line":56,"column":8},"end":{"line":59,"column":11}},"11":{"start":{"line":65,"column":8},"end":{"line":77,"column":10}}},"fnMap":{"0":{"name":"(anonymous_0)","decl":{"start":{"line":26,"column":4},"end":{"line":26,"column":5}},"loc":{"start":{"line":26,"column":30},"end":{"line":34,"column":5}},"line":26},"1":{"name":"(anonymous_1)","decl":{"start":{"line":36,"column":4},"end":{"line":36,"column":5}},"loc":{"start":{"line":36,"column":24},"end":{"line":48,"column":5}},"line":36},"2":{"name":"(anonymous_2)","decl":{"start":{"line":50,"column":4},"end":{"line":50,"column":5}},"loc":{"start":{"line":50,"column":27},"end":{"line":52,"column":5}},"line":50},"3":{"name":"(anonymous_3)","decl":{"start":{"line":54,"column":4},"end":{"line":54,"column":5}},"loc":{"start":{"line":54,"column":13},"end":{"line":60,"column":5}},"line":54},"4":{"name":"(anonymous_4)","decl":{"start":{"line":62,"column":4},"end":{"line":62,"column":5}},"loc":{"start":{"line":62,"column":13},"end":{"line":78,"column":5}},"line":62}},"branchMap":{"0":{"loc":{"start":{"line":40,"column":8},"end":{"line":45,"column":9}},"type":"if","locations":[{"start":{"line":40,"column":8},"end":{"line":45,"column":9}},{"start":{},"end":{}}],"line":40}},"s":{"0":1,"1":1,"2":1,"3":1,"4":1,"5":1,"6":0,"7":1,"8":1,"9":0,"10":0,"11":1},"f":{"0":1,"1":1,"2":1,"3":0,"4":1},"b":{"0":[0,1]},"_coverageSchema":"1a1c01bbd47fc00a2c39e90264f33305004495a9","hash":"a922aed1e425939a0e006cad7f359a1f0f65e1aa"}
,"D:\\Designs\\FWD\\image-processing\\frontend\\src\\index.tsx": {"path":"D:\\Designs\\FWD\\image-processing\\frontend\\src\\index.tsx","statementMap":{"0":{"start":{"line":6,"column":20},"end":{"line":6,"column":66}},"1":{"start":{"line":7,"column":13},"end":{"line":7,"column":45}},"2":{"start":{"line":9,"column":0},"end":{"line":13,"column":2}},"3":{"start":{"line":18,"column":0},"end":{"line":18,"column":18}}},"fnMap":{},"branchMap":{},"s":{"0":0,"1":0,"2":0,"3":0},"f":{},"b":{}}
,"D:\\Designs\\FWD\\image-processing\\frontend\\src\\reportWebVitals.ts": {"path":"D:\\Designs\\FWD\\image-processing\\frontend\\src\\reportWebVitals.ts","statementMap":{"0":{"start":{"line":3,"column":24},"end":{"line":13,"column":1}},"1":{"start":{"line":4,"column":2},"end":{"line":12,"column":3}},"2":{"start":{"line":5,"column":4},"end":{"line":11,"column":7}},"3":{"start":{"line":6,"column":6},"end":{"line":6,"column":26}},"4":{"start":{"line":7,"column":6},"end":{"line":7,"column":26}},"5":{"start":{"line":8,"column":6},"end":{"line":8,"column":26}},"6":{"start":{"line":9,"column":6},"end":{"line":9,"column":26}},"7":{"start":{"line":10,"column":6},"end":{"line":10,"column":27}}},"fnMap":{"0":{"name":"(anonymous_0)","decl":{"start":{"line":3,"column":24},"end":{"line":3,"column":25}},"loc":{"start":{"line":3,"column":57},"end":{"line":13,"column":1}},"line":3},"1":{"name":"(anonymous_1)","decl":{"start":{"line":5,"column":30},"end":{"line":5,"column":31}},"loc":{"start":{"line":5,"column":79},"end":{"line":11,"column":5}},"line":5}},"branchMap":{"0":{"loc":{"start":{"line":4,"column":2},"end":{"line":12,"column":3}},"type":"if","locations":[{"start":{"line":4,"column":2},"end":{"line":12,"column":3}},{"start":{},"end":{}}],"line":4},"1":{"loc":{"start":{"line":4,"column":6},"end":{"line":4,"column":52}},"type":"binary-expr","locations":[{"start":{"line":4,"column":6},"end":{"line":4,"column":17}},{"start":{"line":4,"column":21},"end":{"line":4,"column":52}}],"line":4}},"s":{"0":0,"1":0,"2":0,"3":0,"4":0,"5":0,"6":0,"7":0},"f":{"0":0,"1":0},"b":{"0":[0,0],"1":[0,0]}}
,"D:\\Designs\\FWD\\image-processing\\frontend\\src\\common\\EventBus.ts": {"path":"D:\\Designs\\FWD\\image-processing\\frontend\\src\\common\\EventBus.ts","statementMap":{"0":{"start":{"line":1,"column":17},"end":{"line":11,"column":1}},"1":{"start":{"line":3,"column":4},"end":{"line":3,"column":57}},"2":{"start":{"line":3,"column":44},"end":{"line":3,"column":55}},"3":{"start":{"line":6,"column":4},"end":{"line":6,"column":69}},"4":{"start":{"line":9,"column":4},"end":{"line":9,"column":50}}},"fnMap":{"0":{"name":"(anonymous_0)","decl":{"start":{"line":2,"column":2},"end":{"line":2,"column":3}},"loc":{"start":{"line":2,"column":45},"end":{"line":4,"column":3}},"line":2},"1":{"name":"(anonymous_1)","decl":{"start":{"line":3,"column":37},"end":{"line":3,"column":38}},"loc":{"start":{"line":3,"column":44},"end":{"line":3,"column":55}},"line":3},"2":{"name":"(anonymous_2)","decl":{"start":{"line":5,"column":2},"end":{"line":5,"column":3}},"loc":{"start":{"line":5,"column":38},"end":{"line":7,"column":3}},"line":5},"3":{"name":"(anonymous_3)","decl":{"start":{"line":8,"column":2},"end":{"line":8,"column":3}},"loc":{"start":{"line":8,"column":49},"end":{"line":10,"column":3}},"line":8}},"branchMap":{},"s":{"0":1,"1":3,"2":0,"3":0,"4":3},"f":{"0":3,"1":0,"2":0,"3":3},"b":{},"_coverageSchema":"1a1c01bbd47fc00a2c39e90264f33305004495a9","hash":"061d971b1d8df89266def5f159882705731cde61"}
,"D:\\Designs\\FWD\\image-processing\\frontend\\src\\common\\config.ts": {"path":"D:\\Designs\\FWD\\image-processing\\frontend\\src\\common\\config.ts","statementMap":{"0":{"start":{"line":1,"column":23},"end":{"line":1,"column":66}}},"fnMap":{},"branchMap":{},"s":{"0":1},"f":{},"b":{},"_coverageSchema":"1a1c01bbd47fc00a2c39e90264f33305004495a9","hash":"0104a091cb28418767c2360f4990916421e48bc4"}
,"D:\\Designs\\FWD\\image-processing\\frontend\\src\\components\\countFullCard.tsx": {"path":"D:\\Designs\\FWD\\image-processing\\frontend\\src\\components\\countFullCard.tsx","statementMap":{"0":{"start":{"line":7,"column":54},"end":{"line":22,"column":1}},"1":{"start":{"line":8,"column":4},"end":{"line":21,"column":6}}},"fnMap":{"0":{"name":"(anonymous_0)","decl":{"start":{"line":7,"column":54},"end":{"line":7,"column":55}},"loc":{"start":{"line":7,"column":65},"end":{"line":22,"column":1}},"line":7}},"branchMap":{},"s":{"0":1,"1":1},"f":{"0":1},"b":{},"_coverageSchema":"1a1c01bbd47fc00a2c39e90264f33305004495a9","hash":"a73682631cedd53000f3f63036361b6f34781aef"}
,"D:\\Designs\\FWD\\image-processing\\frontend\\src\\components\\countThumbCard.tsx": {"path":"D:\\Designs\\FWD\\image-processing\\frontend\\src\\components\\countThumbCard.tsx","statementMap":{"0":{"start":{"line":7,"column":55},"end":{"line":22,"column":1}},"1":{"start":{"line":8,"column":4},"end":{"line":21,"column":6}}},"fnMap":{"0":{"name":"(anonymous_0)","decl":{"start":{"line":7,"column":55},"end":{"line":7,"column":56}},"loc":{"start":{"line":7,"column":66},"end":{"line":22,"column":1}},"line":7}},"branchMap":{},"s":{"0":1,"1":1},"f":{"0":1},"b":{},"_coverageSchema":"1a1c01bbd47fc00a2c39e90264f33305004495a9","hash":"61b626aa7348face106e4cd5ab93d6a6647ac0f5"}
,"D:\\Designs\\FWD\\image-processing\\frontend\\src\\components\\homeTable.tsx": {"path":"D:\\Designs\\FWD\\image-processing\\frontend\\src\\components\\homeTable.tsx","statementMap":{"0":{"start":{"line":9,"column":54},"end":{"line":24,"column":1}},"1":{"start":{"line":10,"column":4},"end":{"line":23,"column":6}},"2":{"start":{"line":13,"column":16},"end":{"line":20,"column":18}},"3":{"start":{"line":26,"column":50},"end":{"line":48,"column":1}},"4":{"start":{"line":27,"column":4},"end":{"line":47,"column":6}}},"fnMap":{"0":{"name":"(anonymous_0)","decl":{"start":{"line":9,"column":54},"end":{"line":9,"column":55}},"loc":{"start":{"line":9,"column":65},"end":{"line":24,"column":1}},"line":9},"1":{"name":"(anonymous_1)","decl":{"start":{"line":12,"column":36},"end":{"line":12,"column":37}},"loc":{"start":{"line":12,"column":76},"end":{"line":21,"column":13}},"line":12},"2":{"name":"(anonymous_2)","decl":{"start":{"line":26,"column":50},"end":{"line":26,"column":51}},"loc":{"start":{"line":26,"column":61},"end":{"line":48,"column":1}},"line":26}},"branchMap":{},"s":{"0":1,"1":1,"2":0,"3":1,"4":1},"f":{"0":1,"1":0,"2":1},"b":{},"_coverageSchema":"1a1c01bbd47fc00a2c39e90264f33305004495a9","hash":"e771bc79838ce30df4b85f7afda2c06b09effdf8"}
,"D:\\Designs\\FWD\\image-processing\\frontend\\src\\components\\iconsMatrial.tsx": {"path":"D:\\Designs\\FWD\\image-processing\\frontend\\src\\components\\iconsMatrial.tsx","statementMap":{"0":{"start":{"line":4,"column":27},"end":{"line":4,"column":64}}},"fnMap":{},"branchMap":{},"s":{"0":0},"f":{},"b":{}}
,"D:\\Designs\\FWD\\image-processing\\frontend\\src\\components\\imageList.tsx": {"path":"D:\\Designs\\FWD\\image-processing\\frontend\\src\\components\\imageList.tsx","statementMap":{"0":{"start":{"line":12,"column":53},"end":{"line":27,"column":1}},"1":{"start":{"line":13,"column":4},"end":{"line":26,"column":6}},"2":{"start":{"line":16,"column":33},"end":{"line":16,"column":129}},"3":{"start":{"line":17,"column":16},"end":{"line":23,"column":18}},"4":{"start":{"line":29,"column":54},"end":{"line":40,"column":1}},"5":{"start":{"line":30,"column":4},"end":{"line":39,"column":6}}},"fnMap":{"0":{"name":"(anonymous_0)","decl":{"start":{"line":12,"column":53},"end":{"line":12,"column":54}},"loc":{"start":{"line":12,"column":64},"end":{"line":27,"column":1}},"line":12},"1":{"name":"(anonymous_1)","decl":{"start":{"line":15,"column":33},"end":{"line":15,"column":34}},"loc":{"start":{"line":15,"column":70},"end":{"line":24,"column":13}},"line":15},"2":{"name":"(anonymous_2)","decl":{"start":{"line":29,"column":54},"end":{"line":29,"column":55}},"loc":{"start":{"line":29,"column":65},"end":{"line":40,"column":1}},"line":29}},"branchMap":{},"s":{"0":1,"1":0,"2":0,"3":0,"4":1,"5":0},"f":{"0":0,"1":0,"2":0},"b":{},"_coverageSchema":"1a1c01bbd47fc00a2c39e90264f33305004495a9","hash":"2f86c3ef5e2dfa25d05e4ff5d25ce9dba5271f0e"}
,"D:\\Designs\\FWD\\image-processing\\frontend\\src\\components\\navBar.tsx": {"path":"D:\\Designs\\FWD\\image-processing\\frontend\\src\\components\\navBar.tsx","statementMap":{"0":{"start":{"line":19,"column":8},"end":{"line":19,"column":21}},"1":{"start":{"line":20,"column":8},"end":{"line":20,"column":45}},"2":{"start":{"line":22,"column":8},"end":{"line":25,"column":10}},"3":{"start":{"line":29,"column":21},"end":{"line":29,"column":49}},"4":{"start":{"line":30,"column":18},"end":{"line":30,"column":40}},"5":{"start":{"line":32,"column":8},"end":{"line":37,"column":9}},"6":{"start":{"line":33,"column":12},"end":{"line":36,"column":15}},"7":{"start":{"line":39,"column":8},"end":{"line":39,"column":43}},"8":{"start":{"line":43,"column":8},"end":{"line":43,"column":47}},"9":{"start":{"line":47,"column":8},"end":{"line":47,"column":29}},"10":{"start":{"line":48,"column":8},"end":{"line":51,"column":11}},"11":{"start":{"line":55,"column":32},"end":{"line":55,"column":42}},"12":{"start":{"line":57,"column":8},"end":{"line":145,"column":10}}},"fnMap":{"0":{"name":"(anonymous_0)","decl":{"start":{"line":18,"column":4},"end":{"line":18,"column":5}},"loc":{"start":{"line":18,"column":30},"end":{"line":26,"column":5}},"line":18},"1":{"name":"(anonymous_1)","decl":{"start":{"line":28,"column":4},"end":{"line":28,"column":5}},"loc":{"start":{"line":28,"column":24},"end":{"line":40,"column":5}},"line":28},"2":{"name":"(anonymous_2)","decl":{"start":{"line":42,"column":4},"end":{"line":42,"column":5}},"loc":{"start":{"line":42,"column":27},"end":{"line":44,"column":5}},"line":42},"3":{"name":"(anonymous_3)","decl":{"start":{"line":46,"column":4},"end":{"line":46,"column":5}},"loc":{"start":{"line":46,"column":13},"end":{"line":52,"column":5}},"line":46},"4":{"name":"(anonymous_4)","decl":{"start":{"line":54,"column":4},"end":{"line":54,"column":5}},"loc":{"start":{"line":54,"column":13},"end":{"line":146,"column":5}},"line":54}},"branchMap":{"0":{"loc":{"start":{"line":32,"column":8},"end":{"line":37,"column":9}},"type":"if","locations":[{"start":{"line":32,"column":8},"end":{"line":37,"column":9}},{"start":{},"end":{}}],"line":32}},"s":{"0":1,"1":1,"2":1,"3":1,"4":1,"5":1,"6":0,"7":1,"8":1,"9":0,"10":0,"11":1,"12":1},"f":{"0":1,"1":1,"2":1,"3":0,"4":1},"b":{"0":[0,1]},"_coverageSchema":"1a1c01bbd47fc00a2c39e90264f33305004495a9","hash":"26a2f973b8a809f21d96c3bfe26fa16cb05ef18d"}
,"D:\\Designs\\FWD\\image-processing\\frontend\\src\\components\\sideMenu.tsx": {"path":"D:\\Designs\\FWD\\image-processing\\frontend\\src\\components\\sideMenu.tsx","statementMap":{"0":{"start":{"line":23,"column":8},"end":{"line":23,"column":21}},"1":{"start":{"line":24,"column":8},"end":{"line":24,"column":45}},"2":{"start":{"line":25,"column":8},"end":{"line":25,"column":57}},"3":{"start":{"line":26,"column":8},"end":{"line":26,"column":55}},"4":{"start":{"line":28,"column":8},"end":{"line":32,"column":10}},"5":{"start":{"line":36,"column":21},"end":{"line":36,"column":49}},"6":{"start":{"line":37,"column":18},"end":{"line":37,"column":40}},"7":{"start":{"line":39,"column":8},"end":{"line":44,"column":9}},"8":{"start":{"line":40,"column":12},"end":{"line":43,"column":15}},"9":{"start":{"line":46,"column":8},"end":{"line":46,"column":43}},"10":{"start":{"line":50,"column":8},"end":{"line":50,"column":47}},"11":{"start":{"line":54,"column":8},"end":{"line":54,"column":29}},"12":{"start":{"line":55,"column":8},"end":{"line":58,"column":11}},"13":{"start":{"line":62,"column":8},"end":{"line":64,"column":11}},"14":{"start":{"line":68,"column":8},"end":{"line":70,"column":11}},"15":{"start":{"line":75,"column":26},"end":{"line":75,"column":85}},"16":{"start":{"line":76,"column":29},"end":{"line":76,"column":91}},"17":{"start":{"line":78,"column":8},"end":{"line":153,"column":10}}},"fnMap":{"0":{"name":"(anonymous_0)","decl":{"start":{"line":22,"column":4},"end":{"line":22,"column":5}},"loc":{"start":{"line":22,"column":30},"end":{"line":33,"column":5}},"line":22},"1":{"name":"(anonymous_1)","decl":{"start":{"line":35,"column":4},"end":{"line":35,"column":5}},"loc":{"start":{"line":35,"column":24},"end":{"line":47,"column":5}},"line":35},"2":{"name":"(anonymous_2)","decl":{"start":{"line":49,"column":4},"end":{"line":49,"column":5}},"loc":{"start":{"line":49,"column":27},"end":{"line":51,"column":5}},"line":49},"3":{"name":"(anonymous_3)","decl":{"start":{"line":53,"column":4},"end":{"line":53,"column":5}},"loc":{"start":{"line":53,"column":13},"end":{"line":59,"column":5}},"line":53},"4":{"name":"(anonymous_4)","decl":{"start":{"line":61,"column":4},"end":{"line":61,"column":5}},"loc":{"start":{"line":61,"column":19},"end":{"line":65,"column":5}},"line":61},"5":{"name":"(anonymous_5)","decl":{"start":{"line":67,"column":4},"end":{"line":67,"column":5}},"loc":{"start":{"line":67,"column":30},"end":{"line":71,"column":5}},"line":67},"6":{"name":"(anonymous_6)","decl":{"start":{"line":73,"column":4},"end":{"line":73,"column":5}},"loc":{"start":{"line":73,"column":13},"end":{"line":154,"column":5}},"line":73}},"branchMap":{"0":{"loc":{"start":{"line":39,"column":8},"end":{"line":44,"column":9}},"type":"if","locations":[{"start":{"line":39,"column":8},"end":{"line":44,"column":9}},{"start":{},"end":{}}],"line":39},"1":{"loc":{"start":{"line":75,"column":26},"end":{"line":75,"column":85}},"type":"cond-expr","locations":[{"start":{"line":75,"column":55},"end":{"line":75,"column":72}},{"start":{"line":75,"column":75},"end":{"line":75,"column":85}}],"line":75},"2":{"loc":{"start":{"line":76,"column":29},"end":{"line":76,"column":91}},"type":"cond-expr","locations":[{"start":{"line":76,"column":61},"end":{"line":76,"column":78}},{"start":{"line":76,"column":81},"end":{"line":76,"column":91}}],"line":76}},"s":{"0":1,"1":1,"2":1,"3":1,"4":1,"5":1,"6":1,"7":1,"8":0,"9":1,"10":1,"11":0,"12":0,"13":0,"14":0,"15":1,"16":1,"17":1},"f":{"0":1,"1":1,"2":1,"3":0,"4":0,"5":0,"6":1},"b":{"0":[0,1],"1":[1,0],"2":[0,1]},"_coverageSchema":"1a1c01bbd47fc00a2c39e90264f33305004495a9","hash":"0f793ac6815ed1708f1f4da16784a584ab03cc41"}
,"D:\\Designs\\FWD\\image-processing\\frontend\\src\\components\\uploadImage.tsx": {"path":"D:\\Designs\\FWD\\image-processing\\frontend\\src\\components\\uploadImage.tsx","statementMap":{"0":{"start":{"line":9,"column":52},"end":{"line":38,"column":1}},"1":{"start":{"line":10,"column":24},"end":{"line":10,"column":54}},"2":{"start":{"line":10,"column":30},"end":{"line":10,"column":54}},"3":{"start":{"line":11,"column":4},"end":{"line":37,"column":6}}},"fnMap":{"0":{"name":"(anonymous_0)","decl":{"start":{"line":9,"column":52},"end":{"line":9,"column":53}},"loc":{"start":{"line":9,"column":63},"end":{"line":38,"column":1}},"line":9},"1":{"name":"(anonymous_1)","decl":{"start":{"line":10,"column":24},"end":{"line":10,"column":25}},"loc":{"start":{"line":10,"column":30},"end":{"line":10,"column":54}},"line":10}},"branchMap":{},"s":{"0":1,"1":1,"2":0,"3":1},"f":{"0":1,"1":0},"b":{},"_coverageSchema":"1a1c01bbd47fc00a2c39e90264f33305004495a9","hash":"d8f7adde50b042ac14fc87ed87171bfb3adc336e"}
,"D:\\Designs\\FWD\\image-processing\\frontend\\src\\pages\\Error404.tsx": {"path":"D:\\Designs\\FWD\\image-processing\\frontend\\src\\pages\\Error404.tsx","statementMap":{"0":{"start":{"line":6,"column":49},"end":{"line":17,"column":1}},"1":{"start":{"line":7,"column":4},"end":{"line":16,"column":6}}},"fnMap":{"0":{"name":"(anonymous_0)","decl":{"start":{"line":6,"column":49},"end":{"line":6,"column":50}},"loc":{"start":{"line":6,"column":60},"end":{"line":17,"column":1}},"line":6}},"branchMap":{},"s":{"0":1,"1":0},"f":{"0":0},"b":{},"_coverageSchema":"1a1c01bbd47fc00a2c39e90264f33305004495a9","hash":"bd9e2427ee30cbfc4d37e28fb08f142e731372c4"}
,"D:\\Designs\\FWD\\image-processing\\frontend\\src\\pages\\Home.tsx": {"path":"D:\\Designs\\FWD\\image-processing\\frontend\\src\\pages\\Home.tsx","statementMap":{"0":{"start":{"line":16,"column":0},"end":{"line":16,"column":13}},"1":{"start":{"line":32,"column":8},"end":{"line":32,"column":21}},"2":{"start":{"line":33,"column":8},"end":{"line":33,"column":57}},"3":{"start":{"line":34,"column":8},"end":{"line":34,"column":59}},"4":{"start":{"line":36,"column":8},"end":{"line":48,"column":10}},"5":{"start":{"line":52,"column":28},"end":{"line":52,"column":56}},"6":{"start":{"line":53,"column":22},"end":{"line":53,"column":44}},"7":{"start":{"line":55,"column":8},"end":{"line":55,"column":64}},"8":{"start":{"line":55,"column":26},"end":{"line":55,"column":64}},"9":{"start":{"line":56,"column":8},"end":{"line":56,"column":83}},"10":{"start":{"line":58,"column":8},"end":{"line":58,"column":28}},"11":{"start":{"line":60,"column":8},"end":{"line":60,"column":29}},"12":{"start":{"line":62,"column":8},"end":{"line":92,"column":10}},"13":{"start":{"line":64,"column":16},"end":{"line":66,"column":19}},"14":{"start":{"line":67,"column":16},"end":{"line":74,"column":17}},"15":{"start":{"line":68,"column":20},"end":{"line":68,"column":41}},"16":{"start":{"line":69,"column":20},"end":{"line":73,"column":23}},"17":{"start":{"line":77,"column":16},"end":{"line":81,"column":19}},"18":{"start":{"line":83,"column":16},"end":{"line":90,"column":17}},"19":{"start":{"line":84,"column":20},"end":{"line":84,"column":41}},"20":{"start":{"line":85,"column":20},"end":{"line":89,"column":23}},"21":{"start":{"line":96,"column":8},"end":{"line":96,"column":49}},"22":{"start":{"line":98,"column":8},"end":{"line":106,"column":11}},"23":{"start":{"line":99,"column":12},"end":{"line":105,"column":15}},"24":{"start":{"line":110,"column":8},"end":{"line":110,"column":47}},"25":{"start":{"line":112,"column":8},"end":{"line":117,"column":11}},"26":{"start":{"line":113,"column":12},"end":{"line":116,"column":15}},"27":{"start":{"line":121,"column":8},"end":{"line":123,"column":9}},"28":{"start":{"line":122,"column":12},"end":{"line":122,"column":57}},"29":{"start":{"line":125,"column":27},"end":{"line":125,"column":59}},"30":{"start":{"line":126,"column":26},"end":{"line":126,"column":57}},"31":{"start":{"line":130,"column":8},"end":{"line":185,"column":10}}},"fnMap":{"0":{"name":"(anonymous_0)","decl":{"start":{"line":31,"column":4},"end":{"line":31,"column":5}},"loc":{"start":{"line":31,"column":30},"end":{"line":49,"column":5}},"line":31},"1":{"name":"(anonymous_1)","decl":{"start":{"line":51,"column":4},"end":{"line":51,"column":5}},"loc":{"start":{"line":51,"column":24},"end":{"line":93,"column":5}},"line":51},"2":{"name":"(anonymous_2)","decl":{"start":{"line":63,"column":12},"end":{"line":63,"column":13}},"loc":{"start":{"line":63,"column":26},"end":{"line":75,"column":13}},"line":63},"3":{"name":"(anonymous_3)","decl":{"start":{"line":76,"column":12},"end":{"line":76,"column":13}},"loc":{"start":{"line":76,"column":23},"end":{"line":91,"column":13}},"line":76},"4":{"name":"(anonymous_4)","decl":{"start":{"line":95,"column":4},"end":{"line":95,"column":5}},"loc":{"start":{"line":95,"column":19},"end":{"line":107,"column":5}},"line":95},"5":{"name":"(anonymous_5)","decl":{"start":{"line":98,"column":42},"end":{"line":98,"column":43}},"loc":{"start":{"line":98,"column":56},"end":{"line":106,"column":9}},"line":98},"6":{"name":"(anonymous_6)","decl":{"start":{"line":109,"column":4},"end":{"line":109,"column":5}},"loc":{"start":{"line":109,"column":20},"end":{"line":118,"column":5}},"line":109},"7":{"name":"(anonymous_7)","decl":{"start":{"line":112,"column":44},"end":{"line":112,"column":45}},"loc":{"start":{"line":112,"column":57},"end":{"line":117,"column":9}},"line":112},"8":{"name":"(anonymous_8)","decl":{"start":{"line":120,"column":4},"end":{"line":120,"column":5}},"loc":{"start":{"line":120,"column":13},"end":{"line":186,"column":5}},"line":120}},"branchMap":{"0":{"loc":{"start":{"line":55,"column":8},"end":{"line":55,"column":64}},"type":"if","locations":[{"start":{"line":55,"column":8},"end":{"line":55,"column":64}},{"start":{},"end":{}}],"line":55},"1":{"loc":{"start":{"line":67,"column":16},"end":{"line":74,"column":17}},"type":"if","locations":[{"start":{"line":67,"column":16},"end":{"line":74,"column":17}},{"start":{},"end":{}}],"line":67},"2":{"loc":{"start":{"line":83,"column":16},"end":{"line":90,"column":17}},"type":"if","locations":[{"start":{"line":83,"column":16},"end":{"line":90,"column":17}},{"start":{},"end":{}}],"line":83},"3":{"loc":{"start":{"line":83,"column":20},"end":{"line":83,"column":67}},"type":"binary-expr","locations":[{"start":{"line":83,"column":20},"end":{"line":83,"column":34}},{"start":{"line":83,"column":38},"end":{"line":83,"column":67}}],"line":83},"4":{"loc":{"start":{"line":121,"column":8},"end":{"line":123,"column":9}},"type":"if","locations":[{"start":{"line":121,"column":8},"end":{"line":123,"column":9}},{"start":{},"end":{}}],"line":121}},"s":{"0":1,"1":1,"2":1,"3":1,"4":1,"5":1,"6":1,"7":1,"8":1,"9":1,"10":1,"11":1,"12":1,"13":0,"14":0,"15":0,"16":0,"17":0,"18":0,"19":0,"20":0,"21":1,"22":1,"23":0,"24":1,"25":1,"26":0,"27":2,"28":1,"29":1,"30":1,"31":1},"f":{"0":1,"1":1,"2":0,"3":0,"4":1,"5":0,"6":1,"7":0,"8":2},"b":{"0":[1,0],"1":[0,0],"2":[0,0],"3":[0,0],"4":[1,1]},"_coverageSchema":"1a1c01bbd47fc00a2c39e90264f33305004495a9","hash":"4e0e1bf2e8c48a4f4a972ff6c023865a2e6508d3"}
,"D:\\Designs\\FWD\\image-processing\\frontend\\src\\pages\\Login.tsx": {"path":"D:\\Designs\\FWD\\image-processing\\frontend\\src\\pages\\Login.tsx","statementMap":{"0":{"start":{"line":21,"column":8},"end":{"line":21,"column":21}},"1":{"start":{"line":22,"column":8},"end":{"line":22,"column":55}},"2":{"start":{"line":24,"column":8},"end":{"line":29,"column":10}},"3":{"start":{"line":33,"column":8},"end":{"line":36,"column":11}},"4":{"start":{"line":40,"column":8},"end":{"line":50,"column":11}},"5":{"start":{"line":48,"column":16},"end":{"line":48,"column":35}},"6":{"start":{"line":51,"column":36},"end":{"line":51,"column":45}},"7":{"start":{"line":53,"column":8},"end":{"line":56,"column":11}},"8":{"start":{"line":58,"column":8},"end":{"line":79,"column":10}},"9":{"start":{"line":60,"column":16},"end":{"line":60,"column":29}},"10":{"start":{"line":61,"column":16},"end":{"line":61,"column":43}},"11":{"start":{"line":64,"column":35},"end":{"line":64,"column":142}},"12":{"start":{"line":65,"column":16},"end":{"line":73,"column":19}},"13":{"start":{"line":74,"column":16},"end":{"line":77,"column":19}},"14":{"start":{"line":83,"column":37},"end":{"line":83,"column":47}},"15":{"start":{"line":85,"column":30},"end":{"line":88,"column":9}},"16":{"start":{"line":90,"column":8},"end":{"line":134,"column":10}}},"fnMap":{"0":{"name":"(anonymous_0)","decl":{"start":{"line":20,"column":4},"end":{"line":20,"column":5}},"loc":{"start":{"line":20,"column":30},"end":{"line":30,"column":5}},"line":20},"1":{"name":"(anonymous_1)","decl":{"start":{"line":32,"column":4},"end":{"line":32,"column":5}},"loc":{"start":{"line":32,"column":23},"end":{"line":37,"column":5}},"line":32},"2":{"name":"(anonymous_2)","decl":{"start":{"line":39,"column":4},"end":{"line":39,"column":5}},"loc":{"start":{"line":39,"column":64},"end":{"line":80,"column":5}},"line":39},"3":{"name":"(anonymous_3)","decl":{"start":{"line":47,"column":21},"end":{"line":47,"column":22}},"loc":{"start":{"line":47,"column":33},"end":{"line":49,"column":13}},"line":47},"4":{"name":"(anonymous_4)","decl":{"start":{"line":59,"column":12},"end":{"line":59,"column":13}},"loc":{"start":{"line":59,"column":18},"end":{"line":62,"column":13}},"line":59},"5":{"name":"(anonymous_5)","decl":{"start":{"line":63,"column":12},"end":{"line":63,"column":13}},"loc":{"start":{"line":63,"column":23},"end":{"line":78,"column":13}},"line":63},"6":{"name":"(anonymous_6)","decl":{"start":{"line":82,"column":4},"end":{"line":82,"column":5}},"loc":{"start":{"line":82,"column":13},"end":{"line":135,"column":5}},"line":82}},"branchMap":{"0":{"loc":{"start":{"line":64,"column":35},"end":{"line":64,"column":142}},"type":"binary-expr","locations":[{"start":{"line":64,"column":36},"end":{"line":64,"column":50}},{"start":{"line":64,"column":54},"end":{"line":64,"column":73}},{"start":{"line":64,"column":77},"end":{"line":64,"column":104}},{"start":{"line":64,"column":109},"end":{"line":64,"column":122}},{"start":{"line":64,"column":126},"end":{"line":64,"column":142}}],"line":64},"1":{"loc":{"start":{"line":114,"column":29},"end":{"line":114,"column":98}},"type":"binary-expr","locations":[{"start":{"line":114,"column":29},"end":{"line":114,"column":36}},{"start":{"line":114,"column":40},"end":{"line":114,"column":98}}],"line":114},"2":{"loc":{"start":{"line":117,"column":25},"end":{"line":123,"column":25}},"type":"binary-expr","locations":[{"start":{"line":117,"column":25},"end":{"line":117,"column":32}},{"start":{"line":118,"column":28},"end":{"line":122,"column":34}}],"line":117}},"s":{"0":1,"1":1,"2":1,"3":0,"4":0,"5":0,"6":0,"7":0,"8":0,"9":0,"10":0,"11":0,"12":0,"13":0,"14":1,"15":1,"16":1},"f":{"0":1,"1":0,"2":0,"3":0,"4":0,"5":0,"6":1},"b":{"0":[0,0,0,0,0],"1":[1,0],"2":[1,0]},"_coverageSchema":"1a1c01bbd47fc00a2c39e90264f33305004495a9","hash":"e8861d72fbd4f609274611283d8a4ad5365bfd10"}
,"D:\\Designs\\FWD\\image-processing\\frontend\\src\\pages\\Manager.tsx": {"path":"D:\\Designs\\FWD\\image-processing\\frontend\\src\\pages\\Manager.tsx","statementMap":{"0":{"start":{"line":14,"column":0},"end":{"line":14,"column":13}},"1":{"start":{"line":32,"column":8},"end":{"line":32,"column":21}},"2":{"start":{"line":33,"column":8},"end":{"line":33,"column":63}},"3":{"start":{"line":34,"column":8},"end":{"line":34,"column":65}},"4":{"start":{"line":35,"column":8},"end":{"line":35,"column":51}},"5":{"start":{"line":36,"column":8},"end":{"line":36,"column":55}},"6":{"start":{"line":38,"column":8},"end":{"line":49,"column":10}},"7":{"start":{"line":53,"column":28},"end":{"line":53,"column":56}},"8":{"start":{"line":54,"column":22},"end":{"line":54,"column":44}},"9":{"start":{"line":56,"column":8},"end":{"line":56,"column":64}},"10":{"start":{"line":56,"column":26},"end":{"line":56,"column":64}},"11":{"start":{"line":57,"column":8},"end":{"line":57,"column":83}},"12":{"start":{"line":59,"column":8},"end":{"line":59,"column":31}},"13":{"start":{"line":61,"column":8},"end":{"line":91,"column":10}},"14":{"start":{"line":63,"column":16},"end":{"line":65,"column":19}},"15":{"start":{"line":66,"column":16},"end":{"line":73,"column":17}},"16":{"start":{"line":67,"column":20},"end":{"line":67,"column":41}},"17":{"start":{"line":68,"column":20},"end":{"line":72,"column":23}},"18":{"start":{"line":76,"column":16},"end":{"line":80,"column":19}},"19":{"start":{"line":82,"column":16},"end":{"line":89,"column":17}},"20":{"start":{"line":83,"column":20},"end":{"line":83,"column":41}},"21":{"start":{"line":84,"column":20},"end":{"line":88,"column":23}},"22":{"start":{"line":95,"column":8},"end":{"line":95,"column":64}},"23":{"start":{"line":99,"column":8},"end":{"line":99,"column":38}},"24":{"start":{"line":100,"column":8},"end":{"line":100,"column":31}},"25":{"start":{"line":104,"column":8},"end":{"line":104,"column":50}},"26":{"start":{"line":105,"column":8},"end":{"line":105,"column":31}},"27":{"start":{"line":109,"column":8},"end":{"line":109,"column":41}},"28":{"start":{"line":110,"column":8},"end":{"line":110,"column":44}},"29":{"start":{"line":111,"column":8},"end":{"line":111,"column":51}},"30":{"start":{"line":113,"column":8},"end":{"line":118,"column":11}},"31":{"start":{"line":114,"column":12},"end":{"line":117,"column":15}},"32":{"start":{"line":122,"column":8},"end":{"line":124,"column":9}},"33":{"start":{"line":123,"column":12},"end":{"line":123,"column":57}},"34":{"start":{"line":126,"column":26},"end":{"line":126,"column":46}},"35":{"start":{"line":127,"column":20},"end":{"line":127,"column":34}},"36":{"start":{"line":128,"column":21},"end":{"line":128,"column":36}},"37":{"start":{"line":129,"column":23},"end":{"line":129,"column":40}},"38":{"start":{"line":130,"column":23},"end":{"line":130,"column":39}},"39":{"start":{"line":134,"column":8},"end":{"line":206,"column":10}},"40":{"start":{"line":168,"column":156},"end":{"line":168,"column":186}},"41":{"start":{"line":180,"column":61},"end":{"line":180,"column":93}}},"fnMap":{"0":{"name":"(anonymous_0)","decl":{"start":{"line":31,"column":4},"end":{"line":31,"column":5}},"loc":{"start":{"line":31,"column":30},"end":{"line":50,"column":5}},"line":31},"1":{"name":"(anonymous_1)","decl":{"start":{"line":52,"column":4},"end":{"line":52,"column":5}},"loc":{"start":{"line":52,"column":24},"end":{"line":92,"column":5}},"line":52},"2":{"name":"(anonymous_2)","decl":{"start":{"line":62,"column":12},"end":{"line":62,"column":13}},"loc":{"start":{"line":62,"column":26},"end":{"line":74,"column":13}},"line":62},"3":{"name":"(anonymous_3)","decl":{"start":{"line":75,"column":12},"end":{"line":75,"column":13}},"loc":{"start":{"line":75,"column":23},"end":{"line":90,"column":13}},"line":75},"4":{"name":"(anonymous_4)","decl":{"start":{"line":94,"column":4},"end":{"line":94,"column":5}},"loc":{"start":{"line":94,"column":65},"end":{"line":96,"column":5}},"line":94},"5":{"name":"(anonymous_5)","decl":{"start":{"line":98,"column":4},"end":{"line":98,"column":5}},"loc":{"start":{"line":98,"column":29},"end":{"line":101,"column":5}},"line":98},"6":{"name":"(anonymous_6)","decl":{"start":{"line":103,"column":4},"end":{"line":103,"column":5}},"loc":{"start":{"line":103,"column":31},"end":{"line":106,"column":5}},"line":103},"7":{"name":"(anonymous_7)","decl":{"start":{"line":108,"column":4},"end":{"line":108,"column":5}},"loc":{"start":{"line":108,"column":22},"end":{"line":119,"column":5}},"line":108},"8":{"name":"(anonymous_8)","decl":{"start":{"line":113,"column":41},"end":{"line":113,"column":42}},"loc":{"start":{"line":113,"column":51},"end":{"line":118,"column":9}},"line":113},"9":{"name":"(anonymous_9)","decl":{"start":{"line":121,"column":4},"end":{"line":121,"column":5}},"loc":{"start":{"line":121,"column":13},"end":{"line":207,"column":5}},"line":121},"10":{"name":"(anonymous_10)","decl":{"start":{"line":168,"column":149},"end":{"line":168,"column":150}},"loc":{"start":{"line":168,"column":156},"end":{"line":168,"column":186}},"line":168},"11":{"name":"(anonymous_11)","decl":{"start":{"line":180,"column":54},"end":{"line":180,"column":55}},"loc":{"start":{"line":180,"column":61},"end":{"line":180,"column":93}},"line":180}},"branchMap":{"0":{"loc":{"start":{"line":56,"column":8},"end":{"line":56,"column":64}},"type":"if","locations":[{"start":{"line":56,"column":8},"end":{"line":56,"column":64}},{"start":{},"end":{}}],"line":56},"1":{"loc":{"start":{"line":66,"column":16},"end":{"line":73,"column":17}},"type":"if","locations":[{"start":{"line":66,"column":16},"end":{"line":73,"column":17}},{"start":{},"end":{}}],"line":66},"2":{"loc":{"start":{"line":82,"column":16},"end":{"line":89,"column":17}},"type":"if","locations":[{"start":{"line":82,"column":16},"end":{"line":89,"column":17}},{"start":{},"end":{}}],"line":82},"3":{"loc":{"start":{"line":82,"column":20},"end":{"line":82,"column":67}},"type":"binary-expr","locations":[{"start":{"line":82,"column":20},"end":{"line":82,"column":34}},{"start":{"line":82,"column":38},"end":{"line":82,"column":67}}],"line":82},"4":{"loc":{"start":{"line":122,"column":8},"end":{"line":124,"column":9}},"type":"if","locations":[{"start":{"line":122,"column":8},"end":{"line":124,"column":9}},{"start":{},"end":{}}],"line":122}},"s":{"0":1,"1":0,"2":0,"3":0,"4":0,"5":0,"6":0,"7":0,"8":0,"9":0,"10":0,"11":0,"12":0,"13":0,"14":0,"15":0,"16":0,"17":0,"18":0,"19":0,"20":0,"21":0,"22":0,"23":0,"24":0,"25":0,"26":0,"27":0,"28":0,"29":0,"30":0,"31":0,"32":0,"33":0,"34":0,"35":0,"36":0,"37":0,"38":0,"39":0,"40":0,"41":0},"f":{"0":0,"1":0,"2":0,"3":0,"4":0,"5":0,"6":0,"7":0,"8":0,"9":0,"10":0,"11":0},"b":{"0":[0,0],"1":[0,0],"2":[0,0],"3":[0,0],"4":[0,0]},"_coverageSchema":"1a1c01bbd47fc00a2c39e90264f33305004495a9","hash":"a9893e160783e26c3a7ed780ba9cae75f3399f98"}
,"D:\\Designs\\FWD\\image-processing\\frontend\\src\\pages\\Profile.tsx": {"path":"D:\\Designs\\FWD\\image-processing\\frontend\\src\\pages\\Profile.tsx","statementMap":{"0":{"start":{"line":16,"column":8},"end":{"line":16,"column":21}},"1":{"start":{"line":18,"column":8},"end":{"line":23,"column":10}},"2":{"start":{"line":27,"column":28},"end":{"line":27,"column":56}},"3":{"start":{"line":28,"column":22},"end":{"line":28,"column":44}},"4":{"start":{"line":30,"column":8},"end":{"line":30,"column":64}},"5":{"start":{"line":30,"column":26},"end":{"line":30,"column":64}},"6":{"start":{"line":31,"column":8},"end":{"line":31,"column":83}},"7":{"start":{"line":35,"column":8},"end":{"line":37,"column":9}},"8":{"start":{"line":36,"column":12},"end":{"line":36,"column":57}},"9":{"start":{"line":39,"column":39},"end":{"line":39,"column":49}},"10":{"start":{"line":41,"column":8},"end":{"line":67,"column":10}}},"fnMap":{"0":{"name":"(anonymous_0)","decl":{"start":{"line":15,"column":4},"end":{"line":15,"column":5}},"loc":{"start":{"line":15,"column":30},"end":{"line":24,"column":5}},"line":15},"1":{"name":"(anonymous_1)","decl":{"start":{"line":26,"column":4},"end":{"line":26,"column":5}},"loc":{"start":{"line":26,"column":24},"end":{"line":32,"column":5}},"line":26},"2":{"name":"(anonymous_2)","decl":{"start":{"line":34,"column":4},"end":{"line":34,"column":5}},"loc":{"start":{"line":34,"column":13},"end":{"line":68,"column":5}},"line":34}},"branchMap":{"0":{"loc":{"start":{"line":30,"column":8},"end":{"line":30,"column":64}},"type":"if","locations":[{"start":{"line":30,"column":8},"end":{"line":30,"column":64}},{"start":{},"end":{}}],"line":30},"1":{"loc":{"start":{"line":35,"column":8},"end":{"line":37,"column":9}},"type":"if","locations":[{"start":{"line":35,"column":8},"end":{"line":37,"column":9}},{"start":{},"end":{}}],"line":35},"2":{"loc":{"start":{"line":43,"column":17},"end":{"line":65,"column":24}},"type":"cond-expr","locations":[{"start":{"line":44,"column":20},"end":{"line":64,"column":26}},{"start":{"line":65,"column":20},"end":{"line":65,"column":24}}],"line":43}},"s":{"0":0,"1":0,"2":0,"3":0,"4":0,"5":0,"6":0,"7":0,"8":0,"9":0,"10":0},"f":{"0":0,"1":0,"2":0},"b":{"0":[0,0],"1":[0,0],"2":[0,0]},"_coverageSchema":"1a1c01bbd47fc00a2c39e90264f33305004495a9","hash":"5a64f867c63a68b153a6e7b5a1da27edd82aab4f"}
,"D:\\Designs\\FWD\\image-processing\\frontend\\src\\pages\\Register.tsx": {"path":"D:\\Designs\\FWD\\image-processing\\frontend\\src\\pages\\Register.tsx","statementMap":{"0":{"start":{"line":8,"column":20},"end":{"line":8,"column":125}},"1":{"start":{"line":10,"column":16},"end":{"line":15,"column":1}},"2":{"start":{"line":11,"column":17},"end":{"line":11,"column":39}},"3":{"start":{"line":12,"column":20},"end":{"line":12,"column":34}},"4":{"start":{"line":13,"column":20},"end":{"line":13,"column":89}},"5":{"start":{"line":14,"column":4},"end":{"line":14,"column":19}},"6":{"start":{"line":17,"column":13},"end":{"line":24,"column":1}},"7":{"start":{"line":18,"column":18},"end":{"line":18,"column":33}},"8":{"start":{"line":19,"column":18},"end":{"line":19,"column":31}},"9":{"start":{"line":20,"column":20},"end":{"line":20,"column":49}},"10":{"start":{"line":21,"column":23},"end":{"line":21,"column":56}},"11":{"start":{"line":22,"column":24},"end":{"line":22,"column":56}},"12":{"start":{"line":23,"column":4},"end":{"line":23,"column":23}},"13":{"start":{"line":42,"column":8},"end":{"line":42,"column":21}},"14":{"start":{"line":43,"column":8},"end":{"line":43,"column":61}},"15":{"start":{"line":44,"column":8},"end":{"line":44,"column":61}},"16":{"start":{"line":45,"column":8},"end":{"line":45,"column":65}},"17":{"start":{"line":46,"column":8},"end":{"line":56,"column":10}},"18":{"start":{"line":60,"column":8},"end":{"line":80,"column":11}},"19":{"start":{"line":62,"column":83},"end":{"line":62,"column":147}},"20":{"start":{"line":65,"column":83},"end":{"line":65,"column":147}},"21":{"start":{"line":69,"column":20},"end":{"line":69,"column":79}},"22":{"start":{"line":74,"column":84},"end":{"line":74,"column":149}},"23":{"start":{"line":78,"column":96},"end":{"line":78,"column":160}},"24":{"start":{"line":84,"column":8},"end":{"line":84,"column":56}},"25":{"start":{"line":88,"column":8},"end":{"line":88,"column":41}},"26":{"start":{"line":89,"column":8},"end":{"line":89,"column":25}},"27":{"start":{"line":93,"column":33},"end":{"line":93,"column":42}},"28":{"start":{"line":95,"column":8},"end":{"line":98,"column":11}},"29":{"start":{"line":100,"column":8},"end":{"line":116,"column":10}},"30":{"start":{"line":102,"column":16},"end":{"line":105,"column":19}},"31":{"start":{"line":106,"column":16},"end":{"line":106,"column":48}},"32":{"start":{"line":109,"column":35},"end":{"line":109,"column":142}},"33":{"start":{"line":111,"column":16},"end":{"line":114,"column":19}},"34":{"start":{"line":120,"column":50},"end":{"line":120,"column":60}},"35":{"start":{"line":122,"column":30},"end":{"line":129,"column":9}},"36":{"start":{"line":131,"column":8},"end":{"line":204,"column":10}},"37":{"start":{"line":154,"column":87},"end":{"line":154,"column":112}}},"fnMap":{"0":{"name":"(anonymous_0)","decl":{"start":{"line":10,"column":16},"end":{"line":10,"column":17}},"loc":{"start":{"line":10,"column":38},"end":{"line":15,"column":1}},"line":10},"1":{"name":"(anonymous_1)","decl":{"start":{"line":17,"column":13},"end":{"line":17,"column":14}},"loc":{"start":{"line":17,"column":49},"end":{"line":24,"column":1}},"line":17},"2":{"name":"(anonymous_2)","decl":{"start":{"line":41,"column":4},"end":{"line":41,"column":5}},"loc":{"start":{"line":41,"column":30},"end":{"line":57,"column":5}},"line":41},"3":{"name":"(anonymous_3)","decl":{"start":{"line":59,"column":4},"end":{"line":59,"column":5}},"loc":{"start":{"line":59,"column":23},"end":{"line":81,"column":5}},"line":59},"4":{"name":"(anonymous_4)","decl":{"start":{"line":62,"column":69},"end":{"line":62,"column":70}},"loc":{"start":{"line":62,"column":83},"end":{"line":62,"column":147}},"line":62},"5":{"name":"(anonymous_5)","decl":{"start":{"line":65,"column":69},"end":{"line":65,"column":70}},"loc":{"start":{"line":65,"column":83},"end":{"line":65,"column":147}},"line":65},"6":{"name":"(anonymous_6)","decl":{"start":{"line":68,"column":67},"end":{"line":68,"column":68}},"loc":{"start":{"line":68,"column":83},"end":{"line":70,"column":17}},"line":68},"7":{"name":"(anonymous_7)","decl":{"start":{"line":74,"column":70},"end":{"line":74,"column":71}},"loc":{"start":{"line":74,"column":84},"end":{"line":74,"column":149}},"line":74},"8":{"name":"(anonymous_8)","decl":{"start":{"line":78,"column":82},"end":{"line":78,"column":83}},"loc":{"start":{"line":78,"column":96},"end":{"line":78,"column":160}},"line":78},"9":{"name":"(anonymous_9)","decl":{"start":{"line":83,"column":4},"end":{"line":83,"column":5}},"loc":{"start":{"line":83,"column":24},"end":{"line":85,"column":5}},"line":83},"10":{"name":"(anonymous_10)","decl":{"start":{"line":87,"column":4},"end":{"line":87,"column":5}},"loc":{"start":{"line":87,"column":30},"end":{"line":90,"column":5}},"line":87},"11":{"name":"(anonymous_11)","decl":{"start":{"line":92,"column":4},"end":{"line":92,"column":5}},"loc":{"start":{"line":92,"column":138},"end":{"line":117,"column":5}},"line":92},"12":{"name":"(anonymous_12)","decl":{"start":{"line":101,"column":12},"end":{"line":101,"column":13}},"loc":{"start":{"line":101,"column":26},"end":{"line":107,"column":13}},"line":101},"13":{"name":"(anonymous_13)","decl":{"start":{"line":108,"column":12},"end":{"line":108,"column":13}},"loc":{"start":{"line":108,"column":23},"end":{"line":115,"column":13}},"line":108},"14":{"name":"(anonymous_14)","decl":{"start":{"line":119,"column":4},"end":{"line":119,"column":5}},"loc":{"start":{"line":119,"column":13},"end":{"line":205,"column":5}},"line":119},"15":{"name":"(anonymous_15)","decl":{"start":{"line":154,"column":71},"end":{"line":154,"column":72}},"loc":{"start":{"line":154,"column":87},"end":{"line":154,"column":112}},"line":154}},"branchMap":{"0":{"loc":{"start":{"line":11,"column":17},"end":{"line":11,"column":39}},"type":"cond-expr","locations":[{"start":{"line":11,"column":23},"end":{"line":11,"column":26}},{"start":{"line":11,"column":29},"end":{"line":11,"column":39}}],"line":11},"1":{"loc":{"start":{"line":62,"column":83},"end":{"line":62,"column":147}},"type":"binary-expr","locations":[{"start":{"line":62,"column":83},"end":{"line":62,"column":86}},{"start":{"line":62,"column":90},"end":{"line":62,"column":116}},{"start":{"line":62,"column":120},"end":{"line":62,"column":147}}],"line":62},"2":{"loc":{"start":{"line":65,"column":83},"end":{"line":65,"column":147}},"type":"binary-expr","locations":[{"start":{"line":65,"column":83},"end":{"line":65,"column":86}},{"start":{"line":65,"column":90},"end":{"line":65,"column":116}},{"start":{"line":65,"column":120},"end":{"line":65,"column":147}}],"line":65},"3":{"loc":{"start":{"line":74,"column":84},"end":{"line":74,"column":149}},"type":"binary-expr","locations":[{"start":{"line":74,"column":84},"end":{"line":74,"column":87}},{"start":{"line":74,"column":91},"end":{"line":74,"column":118}},{"start":{"line":74,"column":122},"end":{"line":74,"column":149}}],"line":74},"4":{"loc":{"start":{"line":78,"column":96},"end":{"line":78,"column":160}},"type":"binary-expr","locations":[{"start":{"line":78,"column":96},"end":{"line":78,"column":99}},{"start":{"line":78,"column":103},"end":{"line":78,"column":129}},{"start":{"line":78,"column":133},"end":{"line":78,"column":160}}],"line":78},"5":{"loc":{"start":{"line":109,"column":35},"end":{"line":109,"column":142}},"type":"binary-expr","locations":[{"start":{"line":109,"column":36},"end":{"line":109,"column":50}},{"start":{"line":109,"column":54},"end":{"line":109,"column":73}},{"start":{"line":109,"column":77},"end":{"line":109,"column":104}},{"start":{"line":109,"column":109},"end":{"line":109,"column":122}},{"start":{"line":109,"column":126},"end":{"line":109,"column":142}}],"line":109},"6":{"loc":{"start":{"line":187,"column":25},"end":{"line":193,"column":25}},"type":"binary-expr","locations":[{"start":{"line":187,"column":25},"end":{"line":187,"column":32}},{"start":{"line":188,"column":28},"end":{"line":192,"column":34}}],"line":187},"7":{"loc":{"start":{"line":189,"column":48},"end":{"line":189,"column":105}},"type":"cond-expr","locations":[{"start":{"line":189,"column":61},"end":{"line":189,"column":82}},{"start":{"line":189,"column":85},"end":{"line":189,"column":105}}],"line":189}},"s":{"0":1,"1":1,"2":0,"3":0,"4":0,"5":0,"6":1,"7":0,"8":0,"9":0,"10":0,"11":0,"12":0,"13":0,"14":0,"15":0,"16":0,"17":0,"18":0,"19":0,"20":0,"21":0,"22":0,"23":0,"24":0,"25":0,"26":0,"27":0,"28":0,"29":0,"30":0,"31":0,"32":0,"33":0,"34":0,"35":0,"36":0,"37":0},"f":{"0":0,"1":0,"2":0,"3":0,"4":0,"5":0,"6":0,"7":0,"8":0,"9":0,"10":0,"11":0,"12":0,"13":0,"14":0,"15":0},"b":{"0":[0,0],"1":[0,0,0],"2":[0,0,0],"3":[0,0,0],"4":[0,0,0],"5":[0,0,0,0,0],"6":[0,0],"7":[0,0]},"_coverageSchema":"1a1c01bbd47fc00a2c39e90264f33305004495a9","hash":"913b4dab8f30d5326ae0a1def62a52b6ec9cbbce"}
,"D:\\Designs\\FWD\\image-processing\\frontend\\src\\pages\\Users.tsx": {"path":"D:\\Designs\\FWD\\image-processing\\frontend\\src\\pages\\Users.tsx","statementMap":{"0":{"start":{"line":24,"column":8},"end":{"line":24,"column":21}},"1":{"start":{"line":26,"column":8},"end":{"line":28,"column":10}},"2":{"start":{"line":32,"column":8},"end":{"line":47,"column":10}},"3":{"start":{"line":34,"column":16},"end":{"line":36,"column":19}},"4":{"start":{"line":39,"column":16},"end":{"line":41,"column":19}},"5":{"start":{"line":43,"column":16},"end":{"line":45,"column":17}},"6":{"start":{"line":44,"column":20},"end":{"line":44,"column":48}},"7":{"start":{"line":51,"column":8},"end":{"line":57,"column":10}}},"fnMap":{"0":{"name":"(anonymous_0)","decl":{"start":{"line":23,"column":4},"end":{"line":23,"column":5}},"loc":{"start":{"line":23,"column":30},"end":{"line":29,"column":5}},"line":23},"1":{"name":"(anonymous_1)","decl":{"start":{"line":31,"column":4},"end":{"line":31,"column":5}},"loc":{"start":{"line":31,"column":24},"end":{"line":48,"column":5}},"line":31},"2":{"name":"(anonymous_2)","decl":{"start":{"line":33,"column":12},"end":{"line":33,"column":13}},"loc":{"start":{"line":33,"column":26},"end":{"line":37,"column":13}},"line":33},"3":{"name":"(anonymous_3)","decl":{"start":{"line":38,"column":12},"end":{"line":38,"column":13}},"loc":{"start":{"line":38,"column":23},"end":{"line":46,"column":13}},"line":38},"4":{"name":"(anonymous_4)","decl":{"start":{"line":50,"column":4},"end":{"line":50,"column":5}},"loc":{"start":{"line":50,"column":13},"end":{"line":58,"column":5}},"line":50}},"branchMap":{"0":{"loc":{"start":{"line":40,"column":29},"end":{"line":40,"column":136}},"type":"binary-expr","locations":[{"start":{"line":40,"column":30},"end":{"line":40,"column":44}},{"start":{"line":40,"column":48},"end":{"line":40,"column":67}},{"start":{"line":40,"column":71},"end":{"line":40,"column":98}},{"start":{"line":40,"column":103},"end":{"line":40,"column":116}},{"start":{"line":40,"column":120},"end":{"line":40,"column":136}}],"line":40},"1":{"loc":{"start":{"line":43,"column":16},"end":{"line":45,"column":17}},"type":"if","locations":[{"start":{"line":43,"column":16},"end":{"line":45,"column":17}},{"start":{},"end":{}}],"line":43},"2":{"loc":{"start":{"line":43,"column":20},"end":{"line":43,"column":67}},"type":"binary-expr","locations":[{"start":{"line":43,"column":20},"end":{"line":43,"column":34}},{"start":{"line":43,"column":38},"end":{"line":43,"column":67}}],"line":43}},"s":{"0":0,"1":0,"2":0,"3":0,"4":0,"5":0,"6":0,"7":0},"f":{"0":0,"1":0,"2":0,"3":0,"4":0},"b":{"0":[0,0,0,0,0],"1":[0,0],"2":[0,0]}}
,"D:\\Designs\\FWD\\image-processing\\frontend\\src\\services\\auth-header.ts": {"path":"D:\\Designs\\FWD\\image-processing\\frontend\\src\\services\\auth-header.ts","statementMap":{"0":{"start":{"line":2,"column":20},"end":{"line":2,"column":48}},"1":{"start":{"line":3,"column":18},"end":{"line":3,"column":47}},"2":{"start":{"line":5,"column":15},"end":{"line":5,"column":19}},"3":{"start":{"line":6,"column":4},"end":{"line":6,"column":44}},"4":{"start":{"line":6,"column":17},"end":{"line":6,"column":44}},"5":{"start":{"line":8,"column":4},"end":{"line":13,"column":5}},"6":{"start":{"line":10,"column":8},"end":{"line":10,"column":74}},"7":{"start":{"line":12,"column":8},"end":{"line":12,"column":59}}},"fnMap":{"0":{"name":"authHeader","decl":{"start":{"line":1,"column":24},"end":{"line":1,"column":34}},"loc":{"start":{"line":1,"column":37},"end":{"line":14,"column":1}},"line":1}},"branchMap":{"0":{"loc":{"start":{"line":6,"column":4},"end":{"line":6,"column":44}},"type":"if","locations":[{"start":{"line":6,"column":4},"end":{"line":6,"column":44}},{"start":{},"end":{}}],"line":6},"1":{"loc":{"start":{"line":8,"column":4},"end":{"line":13,"column":5}},"type":"if","locations":[{"start":{"line":8,"column":4},"end":{"line":13,"column":5}},{"start":{"line":11,"column":11},"end":{"line":13,"column":5}}],"line":8},"2":{"loc":{"start":{"line":8,"column":8},"end":{"line":8,"column":21}},"type":"binary-expr","locations":[{"start":{"line":8,"column":8},"end":{"line":8,"column":12}},{"start":{"line":8,"column":16},"end":{"line":8,"column":21}}],"line":8}},"s":{"0":3,"1":3,"2":3,"3":3,"4":0,"5":3,"6":0,"7":3},"f":{"0":3},"b":{"0":[0,3],"1":[0,3],"2":[3,0]},"_coverageSchema":"1a1c01bbd47fc00a2c39e90264f33305004495a9","hash":"bea39238ca0c1c79189c4999088f3e22b1f71503"}
,"D:\\Designs\\FWD\\image-processing\\frontend\\src\\services\\auth.service.ts": {"path":"D:\\Designs\\FWD\\image-processing\\frontend\\src\\services\\auth.service.ts","statementMap":{"0":{"start":{"line":13,"column":8},"end":{"line":25,"column":15}},"1":{"start":{"line":19,"column":16},"end":{"line":22,"column":17}},"2":{"start":{"line":20,"column":20},"end":{"line":20,"column":90}},"3":{"start":{"line":21,"column":20},"end":{"line":21,"column":71}},"4":{"start":{"line":24,"column":16},"end":{"line":24,"column":37}},"5":{"start":{"line":29,"column":8},"end":{"line":29,"column":40}},"6":{"start":{"line":30,"column":8},"end":{"line":30,"column":41}},"7":{"start":{"line":34,"column":8},"end":{"line":41,"column":11}},"8":{"start":{"line":45,"column":24},"end":{"line":45,"column":52}},"9":{"start":{"line":46,"column":8},"end":{"line":46,"column":48}},"10":{"start":{"line":46,"column":21},"end":{"line":46,"column":48}},"11":{"start":{"line":48,"column":8},"end":{"line":48,"column":20}},"12":{"start":{"line":52,"column":22},"end":{"line":52,"column":51}},"13":{"start":{"line":53,"column":8},"end":{"line":53,"column":32}},"14":{"start":{"line":53,"column":19},"end":{"line":53,"column":32}},"15":{"start":{"line":55,"column":8},"end":{"line":55,"column":18}}},"fnMap":{"0":{"name":"(anonymous_0)","decl":{"start":{"line":12,"column":4},"end":{"line":12,"column":5}},"loc":{"start":{"line":12,"column":43},"end":{"line":26,"column":5}},"line":12},"1":{"name":"(anonymous_1)","decl":{"start":{"line":18,"column":18},"end":{"line":18,"column":19}},"loc":{"start":{"line":18,"column":32},"end":{"line":25,"column":13}},"line":18},"2":{"name":"(anonymous_2)","decl":{"start":{"line":28,"column":4},"end":{"line":28,"column":5}},"loc":{"start":{"line":28,"column":13},"end":{"line":31,"column":5}},"line":28},"3":{"name":"(anonymous_3)","decl":{"start":{"line":33,"column":4},"end":{"line":33,"column":5}},"loc":{"start":{"line":33,"column":31},"end":{"line":42,"column":5}},"line":33},"4":{"name":"(anonymous_4)","decl":{"start":{"line":44,"column":4},"end":{"line":44,"column":5}},"loc":{"start":{"line":44,"column":21},"end":{"line":49,"column":5}},"line":44},"5":{"name":"(anonymous_5)","decl":{"start":{"line":51,"column":4},"end":{"line":51,"column":5}},"loc":{"start":{"line":51,"column":15},"end":{"line":56,"column":5}},"line":51}},"branchMap":{"0":{"loc":{"start":{"line":19,"column":16},"end":{"line":22,"column":17}},"type":"if","locations":[{"start":{"line":19,"column":16},"end":{"line":22,"column":17}},{"start":{},"end":{}}],"line":19},"1":{"loc":{"start":{"line":19,"column":20},"end":{"line":19,"column":64}},"type":"binary-expr","locations":[{"start":{"line":19,"column":20},"end":{"line":19,"column":39}},{"start":{"line":19,"column":43},"end":{"line":19,"column":64}}],"line":19},"2":{"loc":{"start":{"line":46,"column":8},"end":{"line":46,"column":48}},"type":"if","locations":[{"start":{"line":46,"column":8},"end":{"line":46,"column":48}},{"start":{},"end":{}}],"line":46},"3":{"loc":{"start":{"line":53,"column":8},"end":{"line":53,"column":32}},"type":"if","locations":[{"start":{"line":53,"column":8},"end":{"line":53,"column":32}},{"start":{},"end":{}}],"line":53}},"s":{"0":0,"1":0,"2":0,"3":0,"4":0,"5":0,"6":0,"7":0,"8":4,"9":4,"10":0,"11":4,"12":4,"13":4,"14":0,"15":4},"f":{"0":0,"1":0,"2":0,"3":0,"4":4,"5":4},"b":{"0":[0,0],"1":[0,0],"2":[0,4],"3":[0,4]},"_coverageSchema":"1a1c01bbd47fc00a2c39e90264f33305004495a9","hash":"dff7dfca017741b711429d312a6150497f3de5b8"}
,"D:\\Designs\\FWD\\image-processing\\frontend\\src\\services\\home.service.ts": {"path":"D:\\Designs\\FWD\\image-processing\\frontend\\src\\services\\home.service.ts","statementMap":{"0":{"start":{"line":30,"column":25},"end":{"line":30,"column":98}},"1":{"start":{"line":31,"column":8},"end":{"line":37,"column":9}},"2":{"start":{"line":32,"column":12},"end":{"line":32,"column":33}},"3":{"start":{"line":33,"column":12},"end":{"line":36,"column":14}},"4":{"start":{"line":38,"column":8},"end":{"line":48,"column":9}},"5":{"start":{"line":39,"column":12},"end":{"line":42,"column":14}},"6":{"start":{"line":44,"column":12},"end":{"line":47,"column":14}},"7":{"start":{"line":52,"column":25},"end":{"line":52,"column":100}},"8":{"start":{"line":53,"column":8},"end":{"line":56,"column":9}},"9":{"start":{"line":54,"column":12},"end":{"line":54,"column":33}},"10":{"start":{"line":55,"column":12},"end":{"line":55,"column":22}},"11":{"start":{"line":57,"column":8},"end":{"line":61,"column":9}},"12":{"start":{"line":58,"column":12},"end":{"line":58,"column":38}},"13":{"start":{"line":60,"column":12},"end":{"line":60,"column":22}},"14":{"start":{"line":65,"column":25},"end":{"line":65,"column":97}},"15":{"start":{"line":66,"column":8},"end":{"line":69,"column":9}},"16":{"start":{"line":67,"column":12},"end":{"line":67,"column":33}},"17":{"start":{"line":68,"column":12},"end":{"line":68,"column":22}},"18":{"start":{"line":70,"column":8},"end":{"line":74,"column":9}},"19":{"start":{"line":71,"column":12},"end":{"line":71,"column":40}},"20":{"start":{"line":73,"column":12},"end":{"line":73,"column":22}}},"fnMap":{"0":{"name":"(anonymous_0)","decl":{"start":{"line":29,"column":4},"end":{"line":29,"column":5}},"loc":{"start":{"line":29,"column":49},"end":{"line":49,"column":5}},"line":29},"1":{"name":"(anonymous_1)","decl":{"start":{"line":51,"column":4},"end":{"line":51,"column":5}},"loc":{"start":{"line":51,"column":54},"end":{"line":62,"column":5}},"line":51},"2":{"name":"(anonymous_2)","decl":{"start":{"line":64,"column":4},"end":{"line":64,"column":5}},"loc":{"start":{"line":64,"column":48},"end":{"line":75,"column":5}},"line":64}},"branchMap":{"0":{"loc":{"start":{"line":31,"column":8},"end":{"line":37,"column":9}},"type":"if","locations":[{"start":{"line":31,"column":8},"end":{"line":37,"column":9}},{"start":{},"end":{}}],"line":31},"1":{"loc":{"start":{"line":38,"column":8},"end":{"line":48,"column":9}},"type":"if","locations":[{"start":{"line":38,"column":8},"end":{"line":48,"column":9}},{"start":{"line":43,"column":15},"end":{"line":48,"column":9}}],"line":38},"2":{"loc":{"start":{"line":38,"column":12},"end":{"line":38,"column":63}},"type":"binary-expr","locations":[{"start":{"line":38,"column":12},"end":{"line":38,"column":35}},{"start":{"line":38,"column":39},"end":{"line":38,"column":63}}],"line":38},"3":{"loc":{"start":{"line":53,"column":8},"end":{"line":56,"column":9}},"type":"if","locations":[{"start":{"line":53,"column":8},"end":{"line":56,"column":9}},{"start":{},"end":{}}],"line":53},"4":{"loc":{"start":{"line":57,"column":8},"end":{"line":61,"column":9}},"type":"if","locations":[{"start":{"line":57,"column":8},"end":{"line":61,"column":9}},{"start":{"line":59,"column":15},"end":{"line":61,"column":9}}],"line":57},"5":{"loc":{"start":{"line":66,"column":8},"end":{"line":69,"column":9}},"type":"if","locations":[{"start":{"line":66,"column":8},"end":{"line":69,"column":9}},{"start":{},"end":{}}],"line":66},"6":{"loc":{"start":{"line":70,"column":8},"end":{"line":74,"column":9}},"type":"if","locations":[{"start":{"line":70,"column":8},"end":{"line":74,"column":9}},{"start":{"line":72,"column":15},"end":{"line":74,"column":9}}],"line":70}},"s":{"0":1,"1":0,"2":0,"3":0,"4":0,"5":0,"6":0,"7":1,"8":0,"9":0,"10":0,"11":0,"12":0,"13":0,"14":0,"15":0,"16":0,"17":0,"18":0,"19":0,"20":0},"f":{"0":1,"1":1,"2":0},"b":{"0":[0,0],"1":[0,0],"2":[0,0],"3":[0,0],"4":[0,0],"5":[0,0],"6":[0,0]},"_coverageSchema":"1a1c01bbd47fc00a2c39e90264f33305004495a9","hash":"a1b87b6372e0223d455d1c729ad61062ac0badb2"}
,"D:\\Designs\\FWD\\image-processing\\frontend\\src\\services\\user.service.ts": {"path":"D:\\Designs\\FWD\\image-processing\\frontend\\src\\services\\user.service.ts","statementMap":{"0":{"start":{"line":7,"column":8},"end":{"line":7,"column":82}}},"fnMap":{"0":{"name":"(anonymous_0)","decl":{"start":{"line":6,"column":4},"end":{"line":6,"column":5}},"loc":{"start":{"line":6,"column":17},"end":{"line":8,"column":5}},"line":6}},"branchMap":{},"s":{"0":1},"f":{"0":1},"b":{},"_coverageSchema":"1a1c01bbd47fc00a2c39e90264f33305004495a9","hash":"1d53ca7e6db26777deda5d080e0f1a6cfc77aff3"}
,"D:\\Designs\\FWD\\image-processing\\frontend\\src\\types\\user.type.ts": {"path":"D:\\Designs\\FWD\\image-processing\\frontend\\src\\types\\user.type.ts","statementMap":{},"fnMap":{},"branchMap":{},"s":{},"f":{},"b":{}}
}
